  DebugHelper.cpp
D:\Projects\MassSpringSimulator\UnityDLL\UnityDLL\DebugHelper.cpp(16,23): warning C4018: '<': signed/unsigned mismatch
D:\Projects\MassSpringSimulator\UnityDLL\UnityDLL\DebugHelper.cpp(18,24): warning C4018: '<': signed/unsigned mismatch
D:\Projects\MassSpringSimulator\UnityDLL\UnityDLL\DebugHelper.cpp(122,47): warning C4267: '=': conversion from 'size_t' to 'int', possible loss of data
  Fixer.cpp
  Node.cpp
D:\Projects\MassSpringSimulator\UnityDLL\UnityDLL\Node.cpp(42,42): warning C4244: 'argument': conversion from 'Eigen::Index' to 'const StorageIndex', possible loss of data
          with
          [
              StorageIndex=int
          ]
D:\Projects\MassSpringSimulator\UnityDLL\UnityDLL\Node.cpp(42,35): warning C4244: 'argument': conversion from 'Eigen::Index' to 'const StorageIndex', possible loss of data
          with
          [
              StorageIndex=int
          ]
D:\Projects\MassSpringSimulator\UnityDLL\UnityDLL\Node.cpp(43,52): warning C4244: 'argument': conversion from 'Eigen::Index' to 'const StorageIndex', possible loss of data
          with
          [
              StorageIndex=int
          ]
D:\Projects\MassSpringSimulator\UnityDLL\UnityDLL\Node.cpp(43,41): warning C4244: 'argument': conversion from 'Eigen::Index' to 'const StorageIndex', possible loss of data
          with
          [
              StorageIndex=int
          ]
D:\Projects\MassSpringSimulator\UnityDLL\UnityDLL\Node.cpp(44,52): warning C4244: 'argument': conversion from 'Eigen::Index' to 'const StorageIndex', possible loss of data
          with
          [
              StorageIndex=int
          ]
D:\Projects\MassSpringSimulator\UnityDLL\UnityDLL\Node.cpp(44,41): warning C4244: 'argument': conversion from 'Eigen::Index' to 'const StorageIndex', possible loss of data
          with
          [
              StorageIndex=int
          ]
D:\Projects\MassSpringSimulator\UnityDLL\UnityDLL\Node.cpp(56,42): warning C4244: 'argument': conversion from 'Eigen::Index' to 'const StorageIndex', possible loss of data
          with
          [
              StorageIndex=int
          ]
D:\Projects\MassSpringSimulator\UnityDLL\UnityDLL\Node.cpp(56,35): warning C4244: 'argument': conversion from 'Eigen::Index' to 'const StorageIndex', possible loss of data
          with
          [
              StorageIndex=int
          ]
D:\Projects\MassSpringSimulator\UnityDLL\UnityDLL\Node.cpp(57,52): warning C4244: 'argument': conversion from 'Eigen::Index' to 'const StorageIndex', possible loss of data
          with
          [
              StorageIndex=int
          ]
D:\Projects\MassSpringSimulator\UnityDLL\UnityDLL\Node.cpp(57,41): warning C4244: 'argument': conversion from 'Eigen::Index' to 'const StorageIndex', possible loss of data
          with
          [
              StorageIndex=int
          ]
D:\Projects\MassSpringSimulator\UnityDLL\UnityDLL\Node.cpp(58,52): warning C4244: 'argument': conversion from 'Eigen::Index' to 'const StorageIndex', possible loss of data
          with
          [
              StorageIndex=int
          ]
D:\Projects\MassSpringSimulator\UnityDLL\UnityDLL\Node.cpp(58,41): warning C4244: 'argument': conversion from 'Eigen::Index' to 'const StorageIndex', possible loss of data
          with
          [
              StorageIndex=int
          ]
D:\Projects\MassSpringSimulator\UnityDLL\UnityDLL\Node.cpp(73,41): warning C4244: 'argument': conversion from 'Eigen::Index' to 'const StorageIndex', possible loss of data
          with
          [
              StorageIndex=int
          ]
D:\Projects\MassSpringSimulator\UnityDLL\UnityDLL\Node.cpp(73,30): warning C4244: 'argument': conversion from 'Eigen::Index' to 'const StorageIndex', possible loss of data
          with
          [
              StorageIndex=int
          ]
D:\Projects\MassSpringSimulator\UnityDLL\UnityDLL\Node.cpp(75,31): warning C4244: 'argument': conversion from 'Eigen::Index' to 'const StorageIndex', possible loss of data
          with
          [
              StorageIndex=int
          ]
D:\Projects\MassSpringSimulator\UnityDLL\UnityDLL\Node.cpp(75,24): warning C4244: 'argument': conversion from 'Eigen::Index' to 'const StorageIndex', possible loss of data
          with
          [
              StorageIndex=int
          ]
D:\Projects\MassSpringSimulator\UnityDLL\UnityDLL\Node.cpp(76,41): warning C4244: 'argument': conversion from 'Eigen::Index' to 'const StorageIndex', possible loss of data
          with
          [
              StorageIndex=int
          ]
D:\Projects\MassSpringSimulator\UnityDLL\UnityDLL\Node.cpp(76,30): warning C4244: 'argument': conversion from 'Eigen::Index' to 'const StorageIndex', possible loss of data
          with
          [
              StorageIndex=int
          ]
D:\Projects\MassSpringSimulator\UnityDLL\UnityDLL\Node.cpp(77,41): warning C4244: 'argument': conversion from 'Eigen::Index' to 'const StorageIndex', possible loss of data
          with
          [
              StorageIndex=int
          ]
D:\Projects\MassSpringSimulator\UnityDLL\UnityDLL\Node.cpp(77,30): warning C4244: 'argument': conversion from 'Eigen::Index' to 'const StorageIndex', possible loss of data
          with
          [
              StorageIndex=int
          ]
  Object.cpp
D:\Projects\MassSpringSimulator\UnityDLL\UnityDLL\Object.cpp(58,52): warning C4244: '+=': conversion from 'double' to 'float', possible loss of data
  PhysicsManager.cpp
D:\Projects\MassSpringSimulator\UnityDLL\UnityDLL\PhysicsManager.cpp(186,28): warning C4267: 'argument': conversion from 'size_t' to 'const StorageIndex', possible loss of data
          with
          [
              StorageIndex=int
          ]
D:\Projects\MassSpringSimulator\UnityDLL\UnityDLL\PhysicsManager.cpp(266,43): warning C4244: 'argument': conversion from 'Eigen::Index' to 'const StorageIndex', possible loss of data
          with
          [
              StorageIndex=int
          ]
D:\Projects\MassSpringSimulator\UnityDLL\UnityDLL\PhysicsManager.cpp(266,33): warning C4244: 'argument': conversion from 'Eigen::Index' to 'const StorageIndex', possible loss of data
          with
          [
              StorageIndex=int
          ]
D:\Projects\MassSpringSimulator\UnityDLL\UnityDLL\PhysicsManager.cpp(268,43): warning C4244: 'argument': conversion from 'Eigen::Index' to 'const StorageIndex', possible loss of data
          with
          [
              StorageIndex=int
          ]
D:\Projects\MassSpringSimulator\UnityDLL\UnityDLL\PhysicsManager.cpp(268,33): warning C4244: 'argument': conversion from 'Eigen::Index' to 'const StorageIndex', possible loss of data
          with
          [
              StorageIndex=int
          ]
D:\Projects\MassSpringSimulator\UnityDLL\UnityDLL\PhysicsManager.cpp(387,23): warning C4018: '<': signed/unsigned mismatch
D:\Projects\MassSpringSimulator\UnityDLL\UnityDLL\PhysicsManager.cpp(389,47): warning C4244: '+=': conversion from 'double' to 'float', possible loss of data
  Spring.cpp
D:\Projects\MassSpringSimulator\UnityDLL\UnityDLL\Spring.cpp(12,51): warning C4244: '=': conversion from 'double' to 'float', possible loss of data
D:\Projects\MassSpringSimulator\UnityDLL\UnityDLL\Spring.cpp(33,19): warning C4244: '=': conversion from 'double' to 'float', possible loss of data
D:\Projects\MassSpringSimulator\UnityDLL\UnityDLL\Spring.cpp(64,74): warning C4267: 'argument': conversion from 'size_t' to 'const StorageIndex', possible loss of data
          with
          [
              StorageIndex=int
          ]
D:\Projects\MassSpringSimulator\UnityDLL\UnityDLL\Spring.cpp(65,74): warning C4267: 'argument': conversion from 'size_t' to 'const StorageIndex', possible loss of data
          with
          [
              StorageIndex=int
          ]
D:\Projects\MassSpringSimulator\UnityDLL\UnityDLL\Spring.cpp(66,77): warning C4267: 'argument': conversion from 'size_t' to 'const StorageIndex', possible loss of data
          with
          [
              StorageIndex=int
          ]
D:\Projects\MassSpringSimulator\UnityDLL\UnityDLL\Spring.cpp(67,77): warning C4267: 'argument': conversion from 'size_t' to 'const StorageIndex', possible loss of data
          with
          [
              StorageIndex=int
          ]
D:\Projects\MassSpringSimulator\UnityDLL\UnityDLL\Spring.cpp(69,74): warning C4267: 'argument': conversion from 'size_t' to 'const StorageIndex', possible loss of data
          with
          [
              StorageIndex=int
          ]
D:\Projects\MassSpringSimulator\UnityDLL\UnityDLL\Spring.cpp(70,74): warning C4267: 'argument': conversion from 'size_t' to 'const StorageIndex', possible loss of data
          with
          [
              StorageIndex=int
          ]
D:\Projects\MassSpringSimulator\UnityDLL\UnityDLL\Spring.cpp(71,77): warning C4267: 'argument': conversion from 'size_t' to 'const StorageIndex', possible loss of data
          with
          [
              StorageIndex=int
          ]
D:\Projects\MassSpringSimulator\UnityDLL\UnityDLL\Spring.cpp(72,77): warning C4267: 'argument': conversion from 'size_t' to 'const StorageIndex', possible loss of data
          with
          [
              StorageIndex=int
          ]
D:\Projects\MassSpringSimulator\UnityDLL\UnityDLL\Spring.cpp(87,17): warning C4244: '=': conversion from 'double' to 'float', possible loss of data
  Generating Code...
  LINK : D:\Projects\MassSpringSimulator\UnityDLL\x64\Debug\UnityDLL.dll not found or not built by the last incremental link; performing full link
     Creating library D:\Projects\MassSpringSimulator\UnityDLL\x64\Debug\UnityDLL.lib and object D:\Projects\MassSpringSimulator\UnityDLL\x64\Debug\UnityDLL.exp
  UnityDLL.vcxproj -> D:\Projects\MassSpringSimulator\UnityDLL\x64\Debug\UnityDLL.dll
