D:\AppData\Microsoft Visual Studio\Community\MSBuild\Microsoft\VC\v160\Microsoft.CppBuild.targets(513,5): warning MSB8028: The intermediate directory (x64\Release\) contains files shared from another project (UnityDLLExample.vcxproj).  This can lead to incorrect clean and rebuild behavior.
  dllmain.cpp
D:\Projects\UnityDLL\UnityDLL\UnityDLLExample\Spring.h(32,52): warning C4244: '=': conversion from 'double' to 'float', possible loss of data
D:\Projects\UnityDLL\UnityDLL\UnityDLLExample\dllmain.cpp(72,25): warning C4267: '=': conversion from 'size_t' to 'int', possible loss of data
D:\Projects\UnityDLL\UnityDLL\UnityDLLExample\dllmain.cpp(148,40): warning C4244: 'argument': conversion from 'unsigned __int64' to 'T', possible loss of data
          with
          [
              T=float
          ]
D:\Projects\UnityDLL\UnityDLL\UnityDLLExample\dllmain.cpp(148,24): warning C4244: 'argument': conversion from 'int' to 'T', possible loss of data
          with
          [
              T=float
          ]
D:\Projects\UnityDLL\UnityDLL\packages\Eigen.3.3.3\build\native\include\Eigen\src\Core\Matrix.h(296,22): error C2672: 'Eigen::PlainObjectBase<Eigen::Matrix<double,3,1,0,3,1>>::_init1': no matching overloaded function found
D:\Projects\UnityDLL\UnityDLL\UnityDLLExample\Node.h(14): message : see reference to function template instantiation 'Eigen::Matrix<double,3,1,0,3,1>::Matrix<Vector3f>(const T &)' being compiled
          with
          [
              T=Vector3f
          ]
D:\Projects\UnityDLL\UnityDLL\UnityDLLExample\Node.h(14): message : see reference to function template instantiation 'Eigen::Matrix<double,3,1,0,3,1>::Matrix<Vector3f>(const T &)' being compiled
          with
          [
              T=Vector3f
          ]
D:\Projects\UnityDLL\UnityDLL\packages\Eigen.3.3.3\build\native\include\Eigen\src\Core\Matrix.h(296,1): error C2440: 'initializing': cannot convert from 'const T' to 'Eigen::Index'
          with
          [
              T=Vector3f
          ]
D:\Projects\UnityDLL\UnityDLL\packages\Eigen.3.3.3\build\native\include\Eigen\src\Core\Matrix.h(296,32): message : No user-defined-conversion operator available that can perform this conversion, or the operator cannot be called
  Node.cpp
D:\Projects\UnityDLL\UnityDLL\packages\Eigen.3.3.3\build\native\include\Eigen\src\Core\Matrix.h(296,22): error C2672: 'Eigen::PlainObjectBase<Eigen::Matrix<double,3,1,0,3,1>>::_init1': no matching overloaded function found
D:\Projects\UnityDLL\UnityDLL\UnityDLLExample\Node.h(14): message : see reference to function template instantiation 'Eigen::Matrix<double,3,1,0,3,1>::Matrix<Vector3f>(const T &)' being compiled
          with
          [
              T=Vector3f
          ]
D:\Projects\UnityDLL\UnityDLL\UnityDLLExample\Node.h(14): message : see reference to function template instantiation 'Eigen::Matrix<double,3,1,0,3,1>::Matrix<Vector3f>(const T &)' being compiled
          with
          [
              T=Vector3f
          ]
D:\Projects\UnityDLL\UnityDLL\packages\Eigen.3.3.3\build\native\include\Eigen\src\Core\Matrix.h(296,1): error C2440: 'initializing': cannot convert from 'const T' to 'Eigen::Index'
          with
          [
              T=Vector3f
          ]
D:\Projects\UnityDLL\UnityDLL\packages\Eigen.3.3.3\build\native\include\Eigen\src\Core\Matrix.h(296,32): message : No user-defined-conversion operator available that can perform this conversion, or the operator cannot be called
  Object.cpp
D:\Projects\UnityDLL\UnityDLL\UnityDLLExample\Spring.h(32,52): warning C4244: '=': conversion from 'double' to 'float', possible loss of data
D:\Projects\UnityDLL\UnityDLL\UnityDLLExample\Object.cpp(116,27): warning C4244: 'argument': conversion from 'double' to 'T', possible loss of data
          with
          [
              T=float
          ]
D:\Projects\UnityDLL\UnityDLL\UnityDLLExample\Object.cpp(115,27): warning C4244: 'argument': conversion from 'double' to 'T', possible loss of data
          with
          [
              T=float
          ]
D:\Projects\UnityDLL\UnityDLL\UnityDLLExample\Object.cpp(114,52): warning C4244: 'argument': conversion from 'double' to 'T', possible loss of data
          with
          [
              T=float
          ]
D:\Projects\UnityDLL\UnityDLL\packages\Eigen.3.3.3\build\native\include\Eigen\src\Core\Matrix.h(296,22): error C2672: 'Eigen::PlainObjectBase<Eigen::Matrix<double,3,1,0,3,1>>::_init1': no matching overloaded function found
D:\Projects\UnityDLL\UnityDLL\UnityDLLExample\Node.h(14): message : see reference to function template instantiation 'Eigen::Matrix<double,3,1,0,3,1>::Matrix<Vector3f>(const T &)' being compiled
          with
          [
              T=Vector3f
          ]
D:\Projects\UnityDLL\UnityDLL\UnityDLLExample\Node.h(14): message : see reference to function template instantiation 'Eigen::Matrix<double,3,1,0,3,1>::Matrix<Vector3f>(const T &)' being compiled
          with
          [
              T=Vector3f
          ]
D:\Projects\UnityDLL\UnityDLL\packages\Eigen.3.3.3\build\native\include\Eigen\src\Core\Matrix.h(296,1): error C2440: 'initializing': cannot convert from 'const T' to 'Eigen::Index'
          with
          [
              T=Vector3f
          ]
D:\Projects\UnityDLL\UnityDLL\packages\Eigen.3.3.3\build\native\include\Eigen\src\Core\Matrix.h(296,32): message : No user-defined-conversion operator available that can perform this conversion, or the operator cannot be called
  Spring.cpp
D:\Projects\UnityDLL\UnityDLL\UnityDLLExample\Spring.h(32,52): warning C4244: '=': conversion from 'double' to 'float', possible loss of data
D:\Projects\UnityDLL\UnityDLL\UnityDLLExample\Spring.cpp(8,17): warning C4244: '=': conversion from 'double' to 'float', possible loss of data
D:\Projects\UnityDLL\UnityDLL\packages\Eigen.3.3.3\build\native\include\Eigen\src\Core\Matrix.h(296,22): error C2672: 'Eigen::PlainObjectBase<Eigen::Matrix<double,3,1,0,3,1>>::_init1': no matching overloaded function found
D:\Projects\UnityDLL\UnityDLL\UnityDLLExample\Node.h(14): message : see reference to function template instantiation 'Eigen::Matrix<double,3,1,0,3,1>::Matrix<Vector3f>(const T &)' being compiled
          with
          [
              T=Vector3f
          ]
D:\Projects\UnityDLL\UnityDLL\UnityDLLExample\Node.h(14): message : see reference to function template instantiation 'Eigen::Matrix<double,3,1,0,3,1>::Matrix<Vector3f>(const T &)' being compiled
          with
          [
              T=Vector3f
          ]
D:\Projects\UnityDLL\UnityDLL\packages\Eigen.3.3.3\build\native\include\Eigen\src\Core\Matrix.h(296,1): error C2440: 'initializing': cannot convert from 'const T' to 'Eigen::Index'
          with
          [
              T=Vector3f
          ]
D:\Projects\UnityDLL\UnityDLL\packages\Eigen.3.3.3\build\native\include\Eigen\src\Core\Matrix.h(296,32): message : No user-defined-conversion operator available that can perform this conversion, or the operator cannot be called
