d:\projects\unitydll\unitydll\unitydll\x64\release\unitydll.pch
d:\projects\unitydll\unitydll\unitydll\x64\release\vc142.pdb
d:\projects\unitydll\unitydll\unitydll\x64\release\pch.obj
d:\projects\unitydll\unitydll\unitydll\x64\release\dllmain.obj
d:\projects\unitydll\unitydll\unitydll\x64\release\spring.obj
d:\projects\unitydll\unitydll\unitydll\x64\release\object.obj
d:\projects\unitydll\unitydll\unitydll\x64\release\node.obj
d:\projects\unitydll\unitydll\unitydll\x64\release\fixer.obj
d:\projects\unitydll\unitydll\x64\release\unitydll.dll
d:\projects\unitydll\unitydll\unitydll\x64\release\unitydll.ipdb
d:\projects\unitydll\unitydll\unitydll\x64\release\unitydll.iobj
d:\projects\unitydll\unitydll\x64\release\unitydll.pdb
d:\projects\unitydll\unitydll\x64\release\unitydll.lib
d:\projects\unitydll\unitydll\x64\release\unitydll.exp
d:\projects\unitydll\unitydll\unitydll\x64\release\unitydll.tlog\cl.command.1.tlog
d:\projects\unitydll\unitydll\unitydll\x64\release\unitydll.tlog\cl.read.1.tlog
d:\projects\unitydll\unitydll\unitydll\x64\release\unitydll.tlog\cl.write.1.tlog
d:\projects\unitydll\unitydll\unitydll\x64\release\unitydll.tlog\link.command.1.tlog
d:\projects\unitydll\unitydll\unitydll\x64\release\unitydll.tlog\link.delete.1.tlog
d:\projects\unitydll\unitydll\unitydll\x64\release\unitydll.tlog\link.read.1.tlog
d:\projects\unitydll\unitydll\unitydll\x64\release\unitydll.tlog\link.write.1.tlog
d:\projects\unitydll\unitydll\unitydll\x64\release\unitydll.tlog\unitydll.write.1u.tlog
