  Face.cpp
D:\Projects\MassSpringSimulator\UnityDLL\UnityDLL\Face.cpp(50,71): warning C4267: 'argument': conversion from 'size_t' to 'const StorageIndex', possible loss of data
          with
          [
              StorageIndex=int
          ]
D:\Projects\MassSpringSimulator\UnityDLL\UnityDLL\Face.cpp(51,71): warning C4267: 'argument': conversion from 'size_t' to 'const StorageIndex', possible loss of data
          with
          [
              StorageIndex=int
          ]
D:\Projects\MassSpringSimulator\UnityDLL\UnityDLL\Face.cpp(52,71): warning C4267: 'argument': conversion from 'size_t' to 'const StorageIndex', possible loss of data
          with
          [
              StorageIndex=int
          ]
  PhysicsManager.cpp
D:\Projects\MassSpringSimulator\UnityDLL\UnityDLL\PhysicsManager.cpp(33,37): warning C4267: 'initializing': conversion from 'size_t' to 'int', possible loss of data
D:\Projects\MassSpringSimulator\UnityDLL\UnityDLL\PhysicsManager.cpp(34,43): warning C4267: 'initializing': conversion from 'size_t' to 'int', possible loss of data
D:\Projects\MassSpringSimulator\UnityDLL\UnityDLL\PhysicsManager.cpp(35,43): warning C4267: 'initializing': conversion from 'size_t' to 'int', possible loss of data
D:\Projects\MassSpringSimulator\UnityDLL\UnityDLL\PhysicsManager.cpp(327,28): warning C4267: 'argument': conversion from 'size_t' to 'const StorageIndex', possible loss of data
          with
          [
              StorageIndex=int
          ]
D:\Projects\MassSpringSimulator\UnityDLL\UnityDLL\PhysicsManager.cpp(539,10): warning C4244: 'initializing': conversion from 'double' to 'float', possible loss of data
D:\Projects\MassSpringSimulator\UnityDLL\UnityDLL\PhysicsManager.cpp(848,29): warning C4267: 'initializing': conversion from 'size_t' to 'int', possible loss of data
D:\Projects\MassSpringSimulator\UnityDLL\UnityDLL\PhysicsManager.cpp(850,65): warning C4267: 'argument': conversion from 'size_t' to 'const StorageIndex', possible loss of data
          with
          [
              StorageIndex=int
          ]
D:\Projects\MassSpringSimulator\UnityDLL\UnityDLL\PhysicsManager.cpp(851,65): warning C4267: 'argument': conversion from 'size_t' to 'const StorageIndex', possible loss of data
          with
          [
              StorageIndex=int
          ]
D:\Projects\MassSpringSimulator\UnityDLL\UnityDLL\PhysicsManager.cpp(852,65): warning C4267: 'argument': conversion from 'size_t' to 'const StorageIndex', possible loss of data
          with
          [
              StorageIndex=int
          ]
  dllmain.cpp
D:\Projects\MassSpringSimulator\UnityDLL\UnityDLL\dllmain.cpp(90,18): warning C4244: 'initializing': conversion from 'double' to 'int', possible loss of data
     Creating library D:\Projects\MassSpringSimulator\UnityDLL\x64\Release\UnityDLL.lib and object D:\Projects\MassSpringSimulator\UnityDLL\x64\Release\UnityDLL.exp
  Generating code
  9 of 5993 functions ( 0.2%) were compiled, the rest were copied from previous compilation.
    0 functions were new in current compilation
    34 functions had inline decision re-evaluated but remain unchanged
  Finished generating code
  UnityDLL.vcxproj -> D:\Projects\MassSpringSimulator\UnityDLL\x64\Release\UnityDLL.dll
